Script started on Tue 23 May 2017 03:59:26 PM PDT

bash-2$ haversine.perl lax sfo sjc nyc sfo sea
ATL (Atlanta         )  33°39'N ( 33.65°, 0.5873r)  84°25'W ( 84.42°, 1.4733r)
BOS (Boston-Logan    )  42°22'N ( 42.37°, 0.7394r)  71° 2'W ( 71.03°, 1.2398r)
CHI (Chicago         )  42° 0'N ( 42.00°, 0.7330r)  87°53'W ( 87.88°, 1.5339r)
DEN (Denver-Stapleton)  39°45'N ( 39.75°, 0.6938r) 104°52'W (104.87°, 1.8303r)
DFW (Dallas-Ft.Worth )  32°54'N ( 32.90°, 0.5742r)  97° 2'W ( 97.03°, 1.6936r)
LAX (Los Angeles     )  33°56'N ( 33.93°, 0.5922r) 118°24'W (118.40°, 2.0665r)
MIA (Miami           )  25°49'N ( 25.82°, 0.4506r)  80°17'W ( 80.28°, 1.4012r)
NYC (New York City   )  40°46'N ( 40.77°, 0.7115r)  73°59'W ( 73.98°, 1.2913r)
SEA (Seattle-Tacoma  )  47°27'N ( 47.45°, 0.8282r) 122°18'W (122.30°, 2.1345r)
SFO (San Francisco   )  37°37'N ( 37.62°, 0.6565r) 122°23'W (122.38°, 2.1360r)
SJC (San Jose        )  37°22'N ( 37.37°, 0.6522r) 121°56'W (121.93°, 2.1281r)
Earth radius:         3961.0 miles
Earth circumference: 24887.7 miles
Earth 1 degree arc:     69.1 miles
Earth 1 minute arc:      1.2 miles
Earth 1 radian arc:   3961.0 miles

Distance:
LAX (Los Angeles     )  33°56'N ( 33.93°, 0.5922r) 118°24'W (118.40°, 2.0665r)
SFO (San Francisco   )  37°37'N ( 37.62°, 0.6565r) 122°23'W (122.38°, 2.1360r)
339 miles

Distance:
SJC (San Jose        )  37°22'N ( 37.37°, 0.6522r) 121°56'W (121.93°, 2.1281r)
NYC (New York City   )  40°46'N ( 40.77°, 0.7115r)  73°59'W ( 73.98°, 1.2913r)
2552 miles

Distance:
SFO (San Francisco   )  37°37'N ( 37.62°, 0.6565r) 122°23'W (122.38°, 2.1360r)
SEA (Seattle-Tacoma  )  47°27'N ( 47.45°, 0.8282r) 122°18'W (122.30°, 2.1345r)
680 miles

bash-3$ exit

Script done on Tue 23 May 2017 03:59:44 PM PDT
